{"type":"server-started","port":60634,"host":"127.0.0.1","url_host":"localhost","url":"http://localhost:60634","screen_dir":"/Users/semsettin/workspace/inanc-tekstil/.superpowers/brainstorm/44835-1774260312"}
{"type":"screen-added","file":"/Users/semsettin/workspace/inanc-tekstil/.superpowers/brainstorm/44835-1774260312/studio-setup.html"}
{"type":"screen-added","file":"/Users/semsettin/workspace/inanc-tekstil/.superpowers/brainstorm/44835-1774260312/flat-setup.html"}
{"type":"screen-updated","file":"/Users/semsettin/workspace/inanc-tekstil/.superpowers/brainstorm/44835-1774260312/flat-setup.html"}
{"type":"screen-updated","file":"/Users/semsettin/workspace/inanc-tekstil/.superpowers/brainstorm/44835-1774260312/flat-setup.html"}
{"type":"screen-updated","file":"/Users/semsettin/workspace/inanc-tekstil/.superpowers/brainstorm/44835-1774260312/flat-setup.html"}
{"type":"screen-updated","file":"/Users/semsettin/workspace/inanc-tekstil/.superpowers/brainstorm/44835-1774260312/flat-setup.html"}
{"type":"screen-updated","file":"/Users/semsettin/workspace/inanc-tekstil/.superpowers/brainstorm/44835-1774260312/flat-setup.html"}
{"type":"screen-updated","file":"/Users/semsettin/workspace/inanc-tekstil/.superpowers/brainstorm/44835-1774260312/flat-setup.html"}
{"type":"screen-updated","file":"/Users/semsettin/workspace/inanc-tekstil/.superpowers/brainstorm/44835-1774260312/flat-setup.html"}
{"type":"screen-updated","file":"/Users/semsettin/workspace/inanc-tekstil/.superpowers/brainstorm/44835-1774260312/flat-setup.html"}
{"type":"screen-updated","file":"/Users/semsettin/workspace/inanc-tekstil/.superpowers/brainstorm/44835-1774260312/flat-setup.html"}
{"type":"screen-updated","file":"/Users/semsettin/workspace/inanc-tekstil/.superpowers/brainstorm/44835-1774260312/flat-setup.html"}
{"type":"screen-updated","file":"/Users/semsettin/workspace/inanc-tekstil/.superpowers/brainstorm/44835-1774260312/flat-setup.html"}
{"type":"screen-updated","file":"/Users/semsettin/workspace/inanc-tekstil/.superpowers/brainstorm/44835-1774260312/flat-setup.html"}
{"type":"screen-updated","file":"/Users/semsettin/workspace/inanc-tekstil/.superpowers/brainstorm/44835-1774260312/flat-setup.html"}
{"type":"screen-updated","file":"/Users/semsettin/workspace/inanc-tekstil/.superpowers/brainstorm/44835-1774260312/flat-setup.html"}
{"type":"screen-updated","file":"/Users/semsettin/workspace/inanc-tekstil/.superpowers/brainstorm/44835-1774260312/flat-setup.html"}
{"type":"screen-updated","file":"/Users/semsettin/workspace/inanc-tekstil/.superpowers/brainstorm/44835-1774260312/flat-setup.html"}
{"type":"screen-updated","file":"/Users/semsettin/workspace/inanc-tekstil/.superpowers/brainstorm/44835-1774260312/flat-setup.html"}
{"type":"screen-updated","file":"/Users/semsettin/workspace/inanc-tekstil/.superpowers/brainstorm/44835-1774260312/flat-setup.html"}
{"type":"screen-updated","file":"/Users/semsettin/workspace/inanc-tekstil/.superpowers/brainstorm/44835-1774260312/flat-setup.html"}
{"type":"screen-updated","file":"/Users/semsettin/workspace/inanc-tekstil/.superpowers/brainstorm/44835-1774260312/flat-setup.html"}
{"type":"screen-updated","file":"/Users/semsettin/workspace/inanc-tekstil/.superpowers/brainstorm/44835-1774260312/flat-setup.html"}
{"type":"server-stopped","reason":"idle timeout"}
